

 The input file has been read successfully 
 Number of elements:             1256
 Number of nodes:                2605
 Number of constraints:             0
 Total no. degrees of freedom:   5210


 Direct Solver Profiler has completed profile computation 
     Total number of equations       5210
     Maximum half bandwidth:          275
     Mean half bandwidth:              95
     RMS half bandwidth:              130
     Size of stiffness matrix:     493109


 Direct Solver has completed LU decomposition 
    Conditioning information: 
      Max diagonal in reduced matrix:    0.1040E+04
      Min diagonal in reduced matrix:    0.1000E+01
      Ratio:                             0.1040E+04
      Maximum no. diagonal digits lost:   3


  Newton Raphson iteration       1
  Correction norm               0.932705D-01
  Generalized Force norm        0.406881D-01
  Out of balance force norm     0.170065D-13
  Ratio                         0.126954D-12
  Tolerance                     0.100000D-04


    Step number     1 has completed successfully
    Steps remaining:                           0
    Elapsed time:                     1.0000    
    Time remaining:                   9.0000    
    Time step has been adjusted to:   1.0000    
    Max time step:                    1.0000    
    Min time step:                   0.10000E-02


 Direct Solver has completed LU decomposition 
    Conditioning information: 
      Max diagonal in reduced matrix:    0.7795E-04
      Min diagonal in reduced matrix:    0.6119E-08
      Ratio:                             0.1274E+05
      Maximum no. diagonal digits lost:   1


 Direct Solver has completed LU decomposition 
    Conditioning information: 
      Max diagonal in reduced matrix:    0.2048E-06
      Min diagonal in reduced matrix:    0.5084E-08
      Ratio:                             0.4029E+02
      Maximum no. diagonal digits lost:   0
